<?xml version="1.0" encoding="UTF-8"?>
<testng-results ignored="0" total="2" passed="2" failed="0" skipped="0">
  <reporter-output>
  </reporter-output>
  <suite started-at="2023-06-20T22:14:04 IST" name="Default suite" finished-at="2023-06-20T22:15:48 IST" duration-ms="104775">
    <groups>
    </groups>
    <test started-at="2023-06-20T22:14:04 IST" name="Default test" finished-at="2023-06-20T22:15:48 IST" duration-ms="104775">
      <class name="LokeshSauce.SauceDriver">
        <test-method is-config="true" signature="preCondition()[pri:0, instance:LokeshSauce.SauceDriver@708f5957]" started-at="2023-06-20T22:14:04 IST" name="preCondition" finished-at="2023-06-20T22:15:14 IST" duration-ms="70386" status="PASS">
          <reporter-output>
          </reporter-output>
        </test-method> <!-- preCondition -->
        <test-method signature="login()[pri:0, instance:LokeshSauce.SauceDriver@708f5957]" started-at="2023-06-20T22:15:14 IST" name="login" finished-at="2023-06-20T22:15:24 IST" duration-ms="9808" status="PASS">
          <reporter-output>
          </reporter-output>
        </test-method> <!-- login -->
        <test-method is-config="true" signature="post()[pri:0, instance:LokeshSauce.SauceDriver@708f5957]" started-at="2023-06-20T22:15:24 IST" name="post" finished-at="2023-06-20T22:15:26 IST" duration-ms="1813" status="PASS">
          <reporter-output>
          </reporter-output>
        </test-method> <!-- post -->
        <test-method is-config="true" signature="preCondition()[pri:0, instance:LokeshSauce.SauceDriver@708f5957]" started-at="2023-06-20T22:15:26 IST" name="preCondition" finished-at="2023-06-20T22:15:48 IST" duration-ms="22047" status="PASS">
          <reporter-output>
          </reporter-output>
        </test-method> <!-- preCondition -->
        <test-method signature="logon()[pri:0, instance:LokeshSauce.SauceDriver@708f5957]" started-at="2023-06-20T22:15:48 IST" name="logon" finished-at="2023-06-20T22:15:48 IST" duration-ms="1" status="PASS">
          <reporter-output>
          </reporter-output>
        </test-method> <!-- logon -->
        <test-method is-config="true" signature="post()[pri:0, instance:LokeshSauce.SauceDriver@708f5957]" started-at="2023-06-20T22:15:48 IST" name="post" finished-at="2023-06-20T22:15:48 IST" duration-ms="584" status="PASS">
          <reporter-output>
          </reporter-output>
        </test-method> <!-- post -->
      </class> <!-- LokeshSauce.SauceDriver -->
    </test> <!-- Default test -->
  </suite> <!-- Default suite -->
</testng-results>
