<?xml version="1.0" encoding="UTF-8"?>
<!-- Generated by org.testng.reporters.JUnitXMLReporter -->
<testsuite ignored="6" hostname="DESKTOP-RD9UV13" failures="0" tests="3" name="smoke" time="0.089" errors="0" timestamp="2023-05-22T21:53:29 IST">
  <testcase classname="testNg1.ClassThree" name="methodG" time="0.017"/>
  <testcase classname="testNg1.ClassThree" name="methodI" time="0.003"/>
  <testcase classname="testNg1.ClassTwo" name="methodE" time="0.004"/>
  <testcase classname="testNg1.ClassTwo" name="methodD" time="0.0">
    <ignored/>
  </testcase> <!-- methodD -->
  <testcase classname="testNg1.ClassTwo" name="methodF" time="0.0">
    <ignored/>
  </testcase> <!-- methodF -->
  <testcase classname="testNg1.ClassThree" name="methodH" time="0.0">
    <ignored/>
  </testcase> <!-- methodH -->
  <testcase classname="testNg1.ClassOne" name="methodA" time="0.0">
    <ignored/>
  </testcase> <!-- methodA -->
  <testcase classname="testNg1.ClassOne" name="methodB" time="0.0">
    <ignored/>
  </testcase> <!-- methodB -->
  <testcase classname="testNg1.ClassOne" name="methodC" time="0.0">
    <ignored/>
  </testcase> <!-- methodC -->
</testsuite> <!-- smoke -->
